2023-03-23 01:52:03.405 [info] Added views:workbench.panel.markers.view in workbench.panel.markers
2023-03-23 01:52:03.405 [info] Added views:workbench.panel.output in workbench.panel.output
2023-03-23 01:52:03.405 [info] Added views:terminal in terminal
2023-03-23 01:52:03.405 [info] Added views:outline in workbench.view.explorer
2023-03-23 01:52:03.405 [info] Added views:workbench.scm in workbench.view.scm
2023-03-23 01:52:03.405 [info] Added views:workbench.view.search in workbench.view.search
2023-03-23 01:52:03.405 [info] Added views:timeline in workbench.view.explorer
2023-03-23 01:52:03.405 [info] Added views:workbench.explorer.emptyView in workbench.view.explorer
2023-03-23 01:52:03.808 [info] Added views:bookmarksExplorer,bookmarksHelpAndFeedback in workbench.view.extension.bookmarks
2023-03-23 01:52:03.808 [info] Added views:projectsExplorerFavorites,projectManagerHelpAndFeedback in workbench.view.extension.project-manager
2023-03-23 01:52:03.809 [info] Added views:effectiveMetadata in workbench.view.explorer
2023-03-23 01:52:03.810 [info] Added views:pythonEnvironments in workbench.view.extension.package-explorer
2023-03-23 01:52:03.810 [info] Added views:gitlens.views.home,gitlens.views.contributors in workbench.view.extension.gitlens
2023-03-23 01:52:03.811 [info] Added views:gitlens.views.commits,gitlens.views.commitDetails,gitlens.views.fileHistory,gitlens.views.branches,gitlens.views.remotes,gitlens.views.stashes,gitlens.views.tags,gitlens.views.searchAndCompare in workbench.view.scm
2023-03-23 01:52:03.811 [info] Added views:easycode.chatView in workbench.view.extension.easycode
2023-03-23 01:52:03.812 [info] Added views:github-actions.empty-view in workbench.view.extension.github-actions
2023-03-23 01:52:03.813 [info] Added views:pr:github,issues:github in workbench.view.extension.github-pull-requests
2023-03-23 01:52:03.813 [info] Added views:todo-tree-view in workbench.view.extension.todo-tree-container
2023-03-23 01:52:03.814 [info] Added views:sshfs-configs,sshfs-connections in workbench.view.extension.sshfs
2023-03-23 01:52:03.815 [info] Added views:projectDashboard.dashboard in workbench.view.extension.project-dashboard
2023-03-23 01:52:03.830 [info] Added views:mongoDBConnectionExplorer,mongoDBPlaygroundsExplorer,mongoDBHelpExplorer in workbench.view.extension.mongoDB
2023-03-23 01:52:03.832 [info] Added views:tmcView in workbench.view.extension.tmc
2023-03-23 01:52:03.834 [info] Added views:dockerContainers,dockerImages,dockerRegistries,dockerNetworks,dockerVolumes,vscode-docker.views.dockerContexts,vscode-docker.views.help in workbench.view.extension.dockerView
2023-03-23 01:52:03.836 [info] Added views:targetsContainers,devVolumes in workbench.view.remote
2023-03-23 01:52:03.836 [info] Added views:remoteTargets in workbench.view.remote
2023-03-23 01:52:03.837 [info] Added views:remoteHub.views.workspaceRepositories in workbench.view.remote
2023-03-23 01:52:03.844 [info] Added views:explorerExclude.pane.items in workbench.view.explorer
2023-03-23 01:52:03.845 [info] Added views:thunder-client-sidebar in workbench.view.extension.thunder-client
2023-03-23 01:52:03.845 [info] Added views:vscode-rapidapi-client.panel in workbench.view.extension.rapidapi-explorer
2023-03-23 01:52:03.847 [info] Added views:vscode-spotify-playlists,vscode-spotify-tracks in workbench.view.extension.vscode-spotify
2023-03-23 01:52:03.848 [info] Added views:snyk.views.welcome,snyk.views.support in workbench.view.extension.snyk
2023-03-23 01:52:03.848 [info] Added views:codetime.webView in workbench.view.extension.code-time-sidebar
2023-03-23 01:52:03.848 [info] Added views:stepsize.panel in workbench.view.extension.tech-debt
2023-03-23 01:52:03.850 [info] Added views:swimm.loading in workbench.view.extension.swimm
2023-03-23 01:52:03.995 [info] Added views:workbench.debug.variablesView,workbench.debug.watchExpressionsView,workbench.debug.callStackView,workbench.debug.breakPointsView in workbench.view.debug
2023-03-23 01:52:04.233 [info] Added views:dendron.recent-workspaces,dendron.help-and-feedback in workbench.view.extension.dendron-view
2023-03-23 01:52:04.285 [info] Added views:workbench.panel.repl.view in workbench.panel.repl
2023-03-23 01:52:04.286 [info] Removed views:workbench.debug.breakPointsView,workbench.debug.callStackView,workbench.debug.watchExpressionsView,workbench.debug.variablesView from workbench.view.debug
2023-03-23 01:52:04.288 [info] Added views:workbench.debug.welcome in workbench.view.debug
