2023-03-22 17:22:31.560 [info] Reading sessions from keychain...
2023-03-22 17:22:31.560 [info] Getting sessions for all scopes...
2023-03-22 17:22:31.560 [info] Getting sessions for user:email...
2023-03-22 17:22:31.560 [info] Got stored sessions!
2023-03-22 17:22:31.560 [info] Got 7 verified sessions.
2023-03-22 17:22:31.560 [info] Got 7 sessions for ...
2023-03-22 17:22:31.560 [info] Got 1 sessions for user:email...
2023-03-22 17:22:33.294 [info] Getting sessions for all scopes...
2023-03-22 17:22:33.312 [info] Got 7 sessions for ...
2023-03-22 17:22:41.868 [info] Getting user info...
2023-03-22 17:23:02.516 [info] Getting sessions for all scopes...
2023-03-22 17:23:02.517 [info] Got 7 sessions for ...
2023-03-22 17:23:04.921 [info] Getting sessions for all scopes...
2023-03-22 17:23:04.921 [info] Got 7 sessions for ...
2023-03-22 17:23:05.338 [info] Getting sessions for read:user...
2023-03-22 17:23:05.338 [info] Got 1 sessions for read:user...
2023-03-22 17:23:05.387 [info] Getting sessions for read:user...
2023-03-22 17:23:05.387 [info] Got 1 sessions for read:user...
2023-03-22 17:23:05.463 [info] Getting sessions for read:user,repo,user:email,workflow...
2023-03-22 17:23:05.463 [info] Got 1 sessions for read:user,repo,user:email,workflow...
2023-03-22 17:23:06.361 [info] Getting sessions for user:email...
2023-03-22 17:23:06.363 [info] Got 1 sessions for user:email...
2023-03-22 17:23:06.868 [info] Got account info!
2023-03-22 17:23:08.614 [info] Getting sessions for read:user,repo,user:email,workflow...
2023-03-22 17:23:08.614 [info] Got 1 sessions for read:user,repo,user:email,workflow...
2023-03-22 17:23:16.872 [info] Reading sessions from keychain...
2023-03-22 17:23:16.873 [info] Getting sessions for all scopes...
2023-03-22 17:23:16.873 [info] Getting sessions for user:email...
2023-03-22 17:23:16.873 [info] Got stored sessions!
2023-03-22 17:23:16.873 [info] Got 7 verified sessions.
2023-03-22 17:23:16.873 [info] Got 7 sessions for ...
2023-03-22 17:23:16.873 [info] Got 1 sessions for user:email...
2023-03-22 17:23:16.947 [info] Getting sessions for all scopes...
2023-03-22 17:23:16.948 [info] Got 7 sessions for ...
2023-03-22 17:23:16.965 [info] Getting sessions for read:user,repo,user:email,workflow...
2023-03-22 17:23:16.993 [info] Got 1 sessions for read:user,repo,user:email,workflow...
2023-03-22 17:23:17.058 [info] Getting sessions for all scopes...
2023-03-22 17:23:17.058 [info] Got 7 sessions for ...
2023-03-22 17:23:17.445 [info] Getting sessions for read:user,repo,user:email,workflow...
2023-03-22 17:23:17.445 [info] Got 1 sessions for read:user,repo,user:email,workflow...
2023-03-22 17:23:18.542 [info] Getting user info...
2023-03-22 17:23:18.976 [info] Got account info!
2023-03-22 17:23:27.617 [info] Getting sessions for all scopes...
2023-03-22 17:23:27.617 [info] Got 7 sessions for ...
2023-03-22 17:23:27.727 [info] Getting sessions for all scopes...
2023-03-22 17:23:27.727 [info] Got 7 sessions for ...
2023-03-22 17:23:27.896 [info] Getting sessions for read:user...
2023-03-22 17:23:27.896 [info] Got 1 sessions for read:user...
2023-03-22 17:23:27.896 [info] Getting sessions for read:user...
2023-03-22 17:23:27.896 [info] Got 1 sessions for read:user...
2023-03-22 17:23:28.646 [info] Getting sessions for user:email...
2023-03-22 17:23:28.646 [info] Got 1 sessions for user:email...
